[0.008s] Invoking command in '/home/harsh/ros2_ws/src/autobot/build/autobot': CMAKE_PREFIX_PATH=/home/harsh/ros2_ws/install/my_robot_controller:/opt/ros/humble:${CMAKE_PREFIX_PATH} /usr/bin/cmake /home/harsh/ros2_ws/src/autobot -DAMENT_CMAKE_SYMLINK_INSTALL=1 -DCMAKE_INSTALL_PREFIX=/home/harsh/ros2_ws/src/autobot/install/autobot
[0.567s] -- The C compiler identification is GNU 11.4.0
[0.870s] -- The CXX compiler identification is GNU 11.4.0
[0.882s] -- Detecting C compiler ABI info
[1.101s] -- Detecting C compiler ABI info - done
[1.110s] -- Check for working C compiler: /usr/bin/cc - skipped
[1.110s] -- Detecting C compile features
[1.124s] -- Detecting C compile features - done
[1.128s] -- Detecting CXX compiler ABI info
[1.294s] -- Detecting CXX compiler ABI info - done
[1.301s] -- Check for working CXX compiler: /usr/bin/c++ - skipped
[1.302s] -- Detecting CXX compile features
[1.302s] -- Detecting CXX compile features - done
[1.319s] -- Found ament_cmake: 1.3.10 (/opt/ros/humble/share/ament_cmake/cmake)
[1.541s] -- Found Python3: /usr/bin/python3 (found version "3.10.12") found components: Interpreter 
[1.627s] -- Override CMake install command with custom implementation using symlinks instead of copying resources
[1.722s] -- Found ament_lint_auto: 0.12.11 (/opt/ros/humble/share/ament_lint_auto/cmake)
[1.854s] -- Added test 'copyright' to check source files copyright and LICENSE
[1.862s] -- Added test 'cppcheck' to perform static code analysis on C / C++ code
[1.862s] -- Configured cppcheck include dirs: 
[1.862s] -- Configured cppcheck exclude dirs and/or files: 
[1.872s] -- Added test 'cpplint' to check C / C++ code against the Google style
[1.872s] -- Configured cpplint exclude dirs and/or files: 
[1.873s] -- Added test 'flake8' to check Python code syntax and style conventions
[1.876s] -- Added test 'lint_cmake' to check CMake code style
[1.877s] -- Added test 'pep257' to check Python code against some of the docstring style conventions in PEP 257
[1.887s] -- Added test 'uncrustify' to check C / C++ code style
[1.887s] -- Configured uncrustify additional arguments: 
[1.888s] -- Added test 'xmllint' to check XML markup files
[1.890s] -- Configuring done
[1.892s] -- Generating done
[1.893s] -- Build files have been written to: /home/harsh/ros2_ws/src/autobot/build/autobot
[1.898s] Invoked command in '/home/harsh/ros2_ws/src/autobot/build/autobot' returned '0': CMAKE_PREFIX_PATH=/home/harsh/ros2_ws/install/my_robot_controller:/opt/ros/humble:${CMAKE_PREFIX_PATH} /usr/bin/cmake /home/harsh/ros2_ws/src/autobot -DAMENT_CMAKE_SYMLINK_INSTALL=1 -DCMAKE_INSTALL_PREFIX=/home/harsh/ros2_ws/src/autobot/install/autobot
[1.900s] Invoking command in '/home/harsh/ros2_ws/src/autobot/build/autobot': CMAKE_PREFIX_PATH=/home/harsh/ros2_ws/install/my_robot_controller:/opt/ros/humble:${CMAKE_PREFIX_PATH} /usr/bin/cmake --build /home/harsh/ros2_ws/src/autobot/build/autobot -- -j12 -l12
[1.935s] Invoked command in '/home/harsh/ros2_ws/src/autobot/build/autobot' returned '0': CMAKE_PREFIX_PATH=/home/harsh/ros2_ws/install/my_robot_controller:/opt/ros/humble:${CMAKE_PREFIX_PATH} /usr/bin/cmake --build /home/harsh/ros2_ws/src/autobot/build/autobot -- -j12 -l12
[1.962s] Invoking command in '/home/harsh/ros2_ws/src/autobot/build/autobot': CMAKE_PREFIX_PATH=/home/harsh/ros2_ws/install/my_robot_controller:/opt/ros/humble:${CMAKE_PREFIX_PATH} /usr/bin/cmake --install /home/harsh/ros2_ws/src/autobot/build/autobot
[1.970s] -- Install configuration: ""
[1.970s] -- Execute custom install script
[1.970s] -- Symlinking: /home/harsh/ros2_ws/src/autobot/install/autobot/share/autobot/config/empty.yaml
[1.978s] -- Symlinking: /home/harsh/ros2_ws/src/autobot/install/autobot/share/autobot/config/view_bot.rviz
[1.986s] -- Symlinking: /home/harsh/ros2_ws/src/autobot/install/autobot/share/autobot/description/inertial_macros.xacro
[1.993s] -- Symlinking: /home/harsh/ros2_ws/src/autobot/install/autobot/share/autobot/description/robot.urdf.xacro
[2.002s] -- Symlinking: /home/harsh/ros2_ws/src/autobot/install/autobot/share/autobot/description/robot_core.xacro
[2.009s] -- Symlinking: /home/harsh/ros2_ws/src/autobot/install/autobot/share/autobot/launch/launch_sim.launch.py
[2.017s] -- Symlinking: /home/harsh/ros2_ws/src/autobot/install/autobot/share/autobot/launch/rsp.launch.py
[2.025s] -- Symlinking: /home/harsh/ros2_ws/src/autobot/install/autobot/share/autobot/worlds/empty.world
[2.037s] -- Symlinking: /home/harsh/ros2_ws/src/autobot/install/autobot/share/ament_index/resource_index/package_run_dependencies/autobot
[2.045s] -- Symlinking: /home/harsh/ros2_ws/src/autobot/install/autobot/share/ament_index/resource_index/parent_prefix_path/autobot
[2.053s] -- Symlinking: /home/harsh/ros2_ws/src/autobot/install/autobot/share/autobot/environment/ament_prefix_path.sh
[2.062s] -- Symlinking: /home/harsh/ros2_ws/src/autobot/install/autobot/share/autobot/environment/ament_prefix_path.dsv
[2.069s] -- Symlinking: /home/harsh/ros2_ws/src/autobot/install/autobot/share/autobot/environment/path.sh
[2.077s] -- Symlinking: /home/harsh/ros2_ws/src/autobot/install/autobot/share/autobot/environment/path.dsv
[2.085s] -- Symlinking: /home/harsh/ros2_ws/src/autobot/install/autobot/share/autobot/local_setup.bash
[2.092s] -- Symlinking: /home/harsh/ros2_ws/src/autobot/install/autobot/share/autobot/local_setup.sh
[2.100s] -- Symlinking: /home/harsh/ros2_ws/src/autobot/install/autobot/share/autobot/local_setup.zsh
[2.108s] -- Symlinking: /home/harsh/ros2_ws/src/autobot/install/autobot/share/autobot/local_setup.dsv
[2.116s] -- Symlinking: /home/harsh/ros2_ws/src/autobot/install/autobot/share/autobot/package.dsv
[2.123s] -- Symlinking: /home/harsh/ros2_ws/src/autobot/install/autobot/share/ament_index/resource_index/packages/autobot
[2.131s] -- Symlinking: /home/harsh/ros2_ws/src/autobot/install/autobot/share/autobot/cmake/autobotConfig.cmake
[2.139s] -- Symlinking: /home/harsh/ros2_ws/src/autobot/install/autobot/share/autobot/cmake/autobotConfig-version.cmake
[2.147s] -- Symlinking: /home/harsh/ros2_ws/src/autobot/install/autobot/share/autobot/package.xml
[2.157s] Invoked command in '/home/harsh/ros2_ws/src/autobot/build/autobot' returned '0': CMAKE_PREFIX_PATH=/home/harsh/ros2_ws/install/my_robot_controller:/opt/ros/humble:${CMAKE_PREFIX_PATH} /usr/bin/cmake --install /home/harsh/ros2_ws/src/autobot/build/autobot
